# JRE version: OpenJDK Runtime Environment (8.0_242-b01) (build 1.8.0_242-release-1644-b01)
# Java VM: OpenJDK 64-Bit Server VM (25.242-b01 mixed mode windows-amd64 compressed oops)
Heap:
 PSYoungGen      total 638464K, used 202264K [0x00000000d5580000, 0x0000000100000000, 0x0000000100000000)
  eden space 586240K, 31% used [0x00000000d5580000,0x00000000e08050a8,0x00000000f9200000)
  from space 52224K, 37% used [0x00000000f9200000,0x00000000fa501150,0x00000000fc500000)
  to   space 49664K, 0% used [0x00000000fcf80000,0x00000000fcf80000,0x0000000100000000)
 ParOldGen       total 281088K, used 145002K [0x0000000080000000, 0x0000000091280000, 0x00000000d5580000)
  object space 281088K, 51% used [0x0000000080000000,0x0000000088d9abd8,0x0000000091280000)
 Metaspace       used 119300K, capacity 127878K, committed 130072K, reserved 1163264K
  class space    used 14967K, capacity 16452K, committed 16944K, reserved 1048576K
GC Heap History (10 events):
Event: 21596.154 GC heap before
{Heap before GC invocations=62 (full 5):
 PSYoungGen      total 658944K, used 39422K [0x00000000d5580000, 0x0000000100000000, 0x0000000100000000)
  eden space 619520K, 0% used [0x00000000d5580000,0x00000000d5580000,0x00000000fb280000)
  from space 39424K, 99% used [0x00000000fb280000,0x00000000fd8ff920,0x00000000fd900000)
  to   space 39936K, 0% used [0x00000000fd900000,0x00000000fd900000,0x0000000100000000)
 ParOldGen       total 200192K, used 199787K [0x0000000080000000, 0x000000008c380000, 0x00000000d5580000)
  object space 200192K, 99% used [0x0000000080000000,0x000000008c31ae30,0x000000008c380000)
 Metaspace       used 119452K, capacity 129268K, committed 129560K, reserved 1161216K
  class space    used 15207K, capacity 16868K, committed 16944K, reserved 1048576K
Event: 21597.495 GC heap after
Heap after GC invocations=62 (full 5):
 PSYoungGen      total 658944K, used 0K [0x00000000d5580000, 0x0000000100000000, 0x0000000100000000)
  eden space 619520K, 0% used [0x00000000d5580000,0x00000000d5580000,0x00000000fb280000)
  from space 39424K, 0% used [0x00000000fb280000,0x00000000fb280000,0x00000000fd900000)
  to   space 39936K, 0% used [0x00000000fd900000,0x00000000fd900000,0x0000000100000000)
 ParOldGen       total 281088K, used 118635K [0x0000000080000000, 0x0000000091280000, 0x00000000d5580000)
  object space 281088K, 42% used [0x0000000080000000,0x00000000873daee0,0x0000000091280000)
 Metaspace       used 115355K, capacity 122992K, committed 129560K, reserved 1161216K
  class space    used 14487K, capacity 15750K, committed 16944K, reserved 1048576K
}
Event: 22103.548 GC heap before
{Heap before GC invocations=63 (full 5):
 PSYoungGen      total 658944K, used 619172K [0x00000000d5580000, 0x0000000100000000, 0x0000000100000000)
  eden space 619520K, 99% used [0x00000000d5580000,0x00000000fb2292f8,0x00000000fb280000)
  from space 39424K, 0% used [0x00000000fb280000,0x00000000fb280000,0x00000000fd900000)
  to   space 39936K, 0% used [0x00000000fd900000,0x00000000fd900000,0x0000000100000000)
 ParOldGen       total 281088K, used 118635K [0x0000000080000000, 0x0000000091280000, 0x00000000d5580000)
  object space 281088K, 42% used [0x0000000080000000,0x00000000873daee0,0x0000000091280000)
 Metaspace       used 118527K, capacity 126980K, committed 129560K, reserved 1161216K
  class space    used 14921K, capacity 16339K, committed 16944K, reserved 1048576K
Event: 22103.578 GC heap after
Heap after GC invocations=63 (full 5):
 PSYoungGen      total 624128K, used 38489K [0x00000000d5580000, 0x0000000100000000, 0x0000000100000000)
  eden space 584192K, 0% used [0x00000000d5580000,0x00000000d5580000,0x00000000f9000000)
  from space 39936K, 96% used [0x00000000fd900000,0x00000000ffe96760,0x0000000100000000)
  to   space 57344K, 0% used [0x00000000f9000000,0x00000000f9000000,0x00000000fc800000)
 ParOldGen       total 281088K, used 118643K [0x0000000080000000, 0x0000000091280000, 0x00000000d5580000)
  object space 281088K, 42% used [0x0000000080000000,0x00000000873dcee0,0x0000000091280000)
 Metaspace       used 118527K, capacity 126980K, committed 129560K, reserved 1161216K
  class space    used 14921K, capacity 16339K, committed 16944K, reserved 1048576K
}
Event: 22107.127 GC heap before
{Heap before GC invocations=64 (full 5):
 PSYoungGen      total 624128K, used 620430K [0x00000000d5580000, 0x0000000100000000, 0x0000000100000000)
  eden space 584192K, 99% used [0x00000000d5580000,0x00000000f8dcd240,0x00000000f9000000)
  from space 39936K, 96% used [0x00000000fd900000,0x00000000ffe96760,0x0000000100000000)
  to   space 57344K, 0% used [0x00000000f9000000,0x00000000f9000000,0x00000000fc800000)
 ParOldGen       total 281088K, used 122742K [0x0000000080000000, 0x0000000091280000, 0x00000000d5580000)
  object space 281088K, 43% used [0x0000000080000000,0x00000000877dd8a8,0x0000000091280000)
 Metaspace       used 118681K, capacity 127152K, committed 129560K, reserved 1161216K
  class space    used 14924K, capacity 16343K, committed 16944K, reserved 1048576K
Event: 22107.172 GC heap after
Heap after GC invocations=64 (full 5):
 PSYoungGen      total 641536K, used 12192K [0x00000000d5580000, 0x0000000100000000, 0x0000000100000000)
  eden space 584192K, 0% used [0x00000000d5580000,0x00000000d5580000,0x00000000f9000000)
  from space 57344K, 21% used [0x00000000f9000000,0x00000000f9be81f8,0x00000000fc800000)
  to   space 55296K, 0% used [0x00000000fca00000,0x00000000fca00000,0x0000000100000000)
 ParOldGen       total 281088K, used 136940K [0x0000000080000000, 0x0000000091280000, 0x00000000d5580000)
  object space 281088K, 48% used [0x0000000080000000,0x00000000885bb378,0x0000000091280000)
 Metaspace       used 118681K, capacity 127152K, committed 129560K, reserved 1161216K
  class space    used 14924K, capacity 16343K, committed 16944K, reserved 1048576K
}
Event: 22306.761 GC heap before
{Heap before GC invocations=65 (full 5):
 PSYoungGen      total 641536K, used 596384K [0x00000000d5580000, 0x0000000100000000, 0x0000000100000000)
  eden space 584192K, 100% used [0x00000000d5580000,0x00000000f9000000,0x00000000f9000000)
  from space 57344K, 21% used [0x00000000f9000000,0x00000000f9be81f8,0x00000000fc800000)
  to   space 55296K, 0% used [0x00000000fca00000,0x00000000fca00000,0x0000000100000000)
 ParOldGen       total 281088K, used 136963K [0x0000000080000000, 0x0000000091280000, 0x00000000d5580000)
  object space 281088K, 48% used [0x0000000080000000,0x00000000885c0c18,0x0000000091280000)
 Metaspace       used 119046K, capacity 127584K, committed 129816K, reserved 1163264K
  class space    used 14957K, capacity 16435K, committed 16944K, reserved 1048576K
Event: 22306.810 GC heap after
Heap after GC invocations=65 (full 5):
 PSYoungGen      total 633344K, used 18740K [0x00000000d5580000, 0x00000000ff800000, 0x0000000100000000)
  eden space 586240K, 0% used [0x00000000d5580000,0x00000000d5580000,0x00000000f9200000)
  from space 47104K, 39% used [0x00000000fca00000,0x00000000fdc4d350,0x00000000ff800000)
  to   space 52224K, 0% used [0x00000000f9200000,0x00000000f9200000,0x00000000fc500000)
 ParOldGen       total 281088K, used 142113K [0x0000000080000000, 0x0000000091280000, 0x00000000d5580000)
  object space 281088K, 50% used [0x0000000080000000,0x0000000088ac8528,0x0000000091280000)
 Metaspace       used 119046K, capacity 127584K, committed 129816K, reserved 1163264K
  class space    used 14957K, capacity 16435K, committed 16944K, reserved 1048576K
}
Event: 22743.366 GC heap before
{Heap before GC invocations=66 (full 5):
 PSYoungGen      total 633344K, used 604937K [0x00000000d5580000, 0x00000000ff800000, 0x0000000100000000)
  eden space 586240K, 99% used [0x00000000d5580000,0x00000000f91f53d8,0x00000000f9200000)
  from space 47104K, 39% used [0x00000000fca00000,0x00000000fdc4d350,0x00000000ff800000)
  to   space 52224K, 0% used [0x00000000f9200000,0x00000000f9200000,0x00000000fc500000)
 ParOldGen       total 281088K, used 142113K [0x0000000080000000, 0x0000000091280000, 0x00000000d5580000)
  object space 281088K, 50% used [0x0000000080000000,0x0000000088ac8528,0x0000000091280000)
 Metaspace       used 119229K, capacity 127854K, committed 130072K, reserved 1163264K
  class space    used 14965K, capacity 16448K, committed 16944K, reserved 1048576K
Event: 22743.395 GC heap after
Heap after GC invocations=66 (full 5):
 PSYoungGen      total 638464K, used 19460K [0x00000000d5580000, 0x0000000100000000, 0x0000000100000000)
  eden space 586240K, 0% used [0x00000000d5580000,0x00000000d5580000,0x00000000f9200000)
  from space 52224K, 37% used [0x00000000f9200000,0x00000000fa501150,0x00000000fc500000)
  to   space 49664K, 0% used [0x00000000fcf80000,0x00000000fcf80000,0x0000000100000000)
 ParOldGen       total 281088K, used 145002K [0x0000000080000000, 0x0000000091280000, 0x00000000d5580000)
  object space 281088K, 51% used [0x0000000080000000,0x0000000088d9abd8,0x0000000091280000)
 Metaspace       used 119229K, capacity 127854K, committed 130072K, reserved 1163264K
  class space    used 14965K, capacity 16448K, committed 16944K, reserved 1048576K
}

